2025-11-11 10:52:38.581 [SpringApplicationShutdownHook] INFO  o.s.b.w.e.tomcat.GracefulShutdown - Commencing graceful shutdown. Waiting for active requests to complete
2025-11-11 10:52:38.584 [tomcat-shutdown] INFO  o.s.b.w.e.tomcat.GracefulShutdown - Graceful shutdown complete
2025-11-11 10:52:41.543 [main] INFO  c.s.restapi.SpringbootapiApplication - Starting SpringbootapiApplication using Java 25.0.1 with PID 13124 (C:\Users\dan\Documents\002-projects\springbootapi\target\classes started by dan in C:\Users\dan\Documents\002-projects\springbootapi)
2025-11-11 10:52:41.545 [main] INFO  c.s.restapi.SpringbootapiApplication - The following 1 profile is active: "dev"
2025-11-11 10:52:42.110 [main] INFO  o.s.b.w.e.tomcat.TomcatWebServer - Tomcat initialized with port 8080 (http)
2025-11-11 10:52:42.120 [main] INFO  o.a.coyote.http11.Http11NioProtocol - Initializing ProtocolHandler ["http-nio-8080"]
2025-11-11 10:52:42.121 [main] INFO  o.a.catalina.core.StandardService - Starting service [Tomcat]
2025-11-11 10:52:42.121 [main] INFO  o.a.catalina.core.StandardEngine - Starting Servlet engine: [Apache Tomcat/10.1.48]
2025-11-11 10:52:42.155 [main] INFO  o.a.c.c.C.[Tomcat].[localhost].[/] - Initializing Spring embedded WebApplicationContext
2025-11-11 10:52:42.155 [main] INFO  o.s.b.w.s.c.ServletWebServerApplicationContext - Root WebApplicationContext: initialization completed in 579 ms
2025-11-11 10:52:42.375 [main] INFO  o.a.coyote.http11.Http11NioProtocol - Starting ProtocolHandler ["http-nio-8080"]
2025-11-11 10:52:42.392 [main] INFO  o.s.b.w.e.tomcat.TomcatWebServer - Tomcat started on port 8080 (http) with context path '/'
2025-11-11 10:52:42.398 [main] INFO  c.s.restapi.SpringbootapiApplication - Started SpringbootapiApplication in 1.238 seconds (process running for 1.448)
2025-11-11 10:52:47.538 [http-nio-8080-exec-2] INFO  o.a.c.c.C.[Tomcat].[localhost].[/] - Initializing Spring DispatcherServlet 'dispatcherServlet'
2025-11-11 10:52:47.538 [http-nio-8080-exec-2] INFO  o.s.web.servlet.DispatcherServlet - Initializing Servlet 'dispatcherServlet'
2025-11-11 10:52:47.539 [http-nio-8080-exec-2] INFO  o.s.web.servlet.DispatcherServlet - Completed initialization in 1 ms
2025-11-11 10:52:49.296 [http-nio-8080-exec-1] INFO  c.s.r.c.HelloWorldController - Method sayHello reached.
2025-11-11 10:52:49.767 [http-nio-8080-exec-4] INFO  c.s.r.c.HelloWorldController - Method sayHello reached.
2025-11-11 10:52:51.798 [http-nio-8080-exec-6] INFO  c.s.r.c.HelloWorldController - Method getEnvironment reached.
2025-11-11 10:52:52.193 [http-nio-8080-exec-3] INFO  c.s.r.c.HelloWorldController - Method getEnvironment reached.
2025-11-11 10:53:22.859 [SpringApplicationShutdownHook] INFO  o.s.b.w.e.tomcat.GracefulShutdown - Commencing graceful shutdown. Waiting for active requests to complete
2025-11-11 10:53:22.863 [tomcat-shutdown] INFO  o.s.b.w.e.tomcat.GracefulShutdown - Graceful shutdown complete
